<?xml version="1.0" encoding="UTF-8"?>
<!-- Generated by org.testng.reporters.JUnitXMLReporter -->
<testsuite ignored="0" hostname="DESKTOP-GN7SO16" failures="0" tests="1" name="smoke" time="0.112" errors="0" timestamp="2022-06-02T15:37:51 EDT">
  <testcase classname="reusables.BaseTest" name="@BeforeSuite beforeAnyThingElse" time="0.0">
    <failure type="java.lang.NumberFormatException" message="Cannot parse null string">
      <![CDATA[java.lang.NumberFormatException: Cannot parse null string
at java.base/java.lang.Integer.parseInt(Integer.java:630)
at java.base/java.lang.Integer.parseInt(Integer.java:786)
at reusables.PropertiesLoader.initializeConfigurations(PropertiesLoader.java:103)
at reusables.BaseTest.beforeAnyThingElse(BaseTest.java:121)
... Removed 22 stack frames]]>
    </failure>
  </testcase> <!-- @BeforeSuite beforeAnyThingElse -->
  <testcase classname="reusables.BaseTest" name="@BeforeMethod invokeBrowsers" time="-1.654198670953E9">
    <skipped/>
  </testcase> <!-- @BeforeMethod invokeBrowsers -->
  <testcase classname="com.selenium.GoogleTest1" name="checkTest" time="0.0">
    <skipped/>
  </testcase> <!-- checkTest -->
</testsuite> <!-- smoke -->
